Case #1: CAB
Case #2: MJA
Case #3: OCDE
Case #4: BBAAA
Case #5: CCCABBBAB
Case #6: CCCBAABAB
Case #7: ZXCASDQWE
Case #8: CCCCBBBABABABBB
Case #9: OHNLCDEJMIFAKBG
Case #10: ZADBC
Case #11: CCCCCCCBAAABBBA
Case #12: CBAAAAAAAAAAA
Case #13: CAB
Case #14: MMBCIJKALHGFEDA
Case #15: CBA
Case #16: MMKJIHGDCBAEFLA
Case #17: CCBAAAAAAAABABA
Case #18: BBBBBAAAAAAAA
Case #19: CCCCCBBBBBAAAAA
Case #20: CCCBBBAAAAABBBA
Case #21: DCCCCBAAABBAA
Case #22: MMABCDEFGHIJLAK
Case #23: BBA
Case #24: DCCBBBAAAAAAA
Case #25: ZDABC
Case #26: RRBAACADABA
Case #27: CCCCCBBBBBAAAAA
Case #28: CCCCCBBBBBAAAAA
Case #29: BAA
Case #30: CCCCCBBBABAAABA
Case #31: CCCCCCCBABBBAAB
Case #32: YYTLSXRJMFMLTXT
Case #33: CCCCCCABABBABBB
Case #34: DDCBBBAAABCBC
Case #35: OMNLCDIHGJFKEBA
Case #36: BBA
Case #37: CCBAAABAAAABAAA
Case #38: ONEACDBGLHIKFMJ
Case #39: BBB
Case #40: CBAAAAAAAABAB
Case #41: OKACDELHIJBGMNF
Case #42: ZAYBXCWDUE
Case #43: ZABCD
Case #44: CCCCCBBBABAAAAB
Case #45: BBA
Case #46: OLEDCBAGHJKFMNI
Case #47: OLNCKJIHGFEDMBA
Case #48: CCCCCCABBBBBBAA
Case #49: AAA
Case #50: ZACBA
Case #51: CCCCCCCAABAAAAA
Case #52: BAAA
Case #53: BAAA
Case #54: OMNLKJIHBFGDCEA
Case #55: CCCCCCCBABBABAA
Case #56: XWWBPRSQMFGNMSL
Case #57: CCCCCBBBBAABAAA
Case #58: CBA
Case #59: ZABYCXDWEU
Case #60: BAA
Case #61: BA
Case #62: BA
Case #63: CCCCCBBBAAABAAA
Case #64: ZAAAA
Case #65: ZWVDRRGGLTLQBPJ
Case #66: CCCCCCCAAAAAABB
Case #67: CCCCCBBBBBAAAAA
Case #68: CCCCCAABAAAABAA
Case #69: CCCCCBBBBBAAAAA
Case #70: CCCCCBBBBBAAAAA
Case #71: CBBBBBBAAAAAA
Case #72: CCCCCBBBBAAAAAB
Case #73: ZDCBA
Case #74: ZEDCBAYXWU
Case #75: CBA
Case #76: CBBBBBAAAAAAA
Case #77: CCCBBBAABAABABB
Case #78: BB
Case #79: DCBBBBAAAAABC
Case #80: ONMLKJIHGFBAEDC
Case #81: CBA
Case #82: ONMDCIKEHGFLJBA
Case #83: MMLJHGFDABCEIKA
Case #84: XVSQPJGLHJVFNWP
Case #85: CBBBBBAAAAAAAA
Case #86: CCCCBBBAAABBAAB
Case #87: BAAA
Case #88: CCBAAAAAAAAAAAB
Case #89: Z
Case #90: BAAA
Case #91: CCCCCBBBBBAAAAA
Case #92: MMALGEABCDFHIJK
Case #93: MMGFBAALKJIHEDC
Case #94: ZYJMNLXTTPWMPBF
Case #95: AA
Case #96: DCCBBAAAABBAAB
Case #97: A
Case #98: BAA
Case #99: CCCCCBBBAAAABAB
Case #100: ONMHGFCADEBJKLI
